<?xml version="1.0" encoding="UTF-8"?>
<testsuite xmlns:xsi="http://www.w3.org/2001/XMLSchema-instance" xsi:noNamespaceSchemaLocation="https://maven.apache.org/surefire/maven-surefire-plugin/xsd/surefire-test-report.xsd" version="3.0.2" name="com.ecommerce.artisanal_backend.ProduitServiceTest" time="1.402" tests="2" errors="0" skipped="0" failures="0" flakes="0">
  <properties>
[...]
</properties>
  <testcase name="testAjouterProduit" classname="com.ecommerce.artisanal_backend.ProduitServiceTest" time="1.37"/>
  <testcase name="testGetTousProduits" classname="com.ecommerce.artisanal_backend.ProduitServiceTest" time="0.019"/>
</testsuite>