<?xml version="1.0" encoding="UTF-8"?>
<testsuite xmlns:xsi="http://www.w3.org/2001/XMLSchema-instance" xsi:noNamespaceSchemaLocation="https://maven.apache.org/surefire/maven-surefire-plugin/xsd/surefire-test-report.xsd" version="3.0.2" name="com.ecommerce.artisanal_backend.ArtisanalBackendApplicationTests" time="21.461" tests="1" errors="0" skipped="0" failures="0" flakes="0">
  <properties>
[...]
</properties>
  <testcase name="contextLoads" classname="com.ecommerce.artisanal_backend.ArtisanalBackendApplicationTests" time="3.388">
    <system-out><![CDATA[19:07:37.615 [main] INFO org.springframework.test.context.support.AnnotationConfigContextLoaderUtils -- Could not detect default configuration classes for test class [com.ecommerce.artisanal_backend.ArtisanalBackendApplicationTests]: ArtisanalBackendApplicationTests does not declare any static, non-private, non-final, nested classes annotated with @Configuration.
19:07:37.954 [main] INFO org.springframework.boot.test.context.SpringBootTestContextBootstrapper -- Found @SpringBootConfiguration com.ecommerce.artisanal_backend.ArtisanalBackendApplication for test class com.ecommerce.artisanal_backend.ArtisanalBackendApplicationTests
19:07:38.336 [main] INFO org.springframework.test.context.support.AnnotationConfigContextLoaderUtils -- Could not detect default configuration classes for test class [com.ecommerce.artisanal_backend.ArtisanalBackendApplicationTests]: ArtisanalBackendApplicationTests does not declare any static, non-private, non-final, nested classes annotated with @Configuration.
19:07:38.340 [main] INFO org.springframework.boot.test.context.SpringBootTestContextBootstrapper -- Found @SpringBootConfiguration com.ecommerce.artisanal_backend.ArtisanalBackendApplication for test class com.ecommerce.artisanal_backend.ArtisanalBackendApplicationTests
19:07:38.614 [main] INFO org.springframework.boot.devtools.restart.RestartApplicationListener -- Restart disabled due to context in which it is running

  .   ____          _            __ _ _
 /\\ / ___'_ __ _ _(_)_ __  __ _ \ \ \ \
( ( )\___ | '_ | '_| | '_ \/ _` | \ \ \ \
 \\/  ___)| |_)| | | | | || (_| |  ) ) ) )
  '  |____| .__|_| |_|_| |_\__, | / / / /
 =========|_|==============|___/=/_/_/_/

 :: Spring Boot ::                (v4.0.6)

2026-06-21T19:07:39.593+01:00  INFO 12312 --- [artisanal-backend] [           main] c.e.a.ArtisanalBackendApplicationTests   : Starting ArtisanalBackendApplicationTests using Java 17.0.19 with PID 12312 (started by pc in C:\projet_Ecommerce\artisanal-backend)
2026-06-21T19:07:39.597+01:00  INFO 12312 --- [artisanal-backend] [           main] c.e.a.ArtisanalBackendApplicationTests   : No active profile set, falling back to 1 default profile: "default"
2026-06-21T19:07:41.271+01:00  INFO 12312 --- [artisanal-backend] [           main] .s.d.r.c.RepositoryConfigurationDelegate : Bootstrapping Spring Data MongoDB repositories in DEFAULT mode.
2026-06-21T19:07:41.549+01:00  INFO 12312 --- [artisanal-backend] [           main] .s.d.r.c.RepositoryConfigurationDelegate : Finished Spring Data repository scanning in 257 ms. Found 3 MongoDB repository interfaces.
2026-06-21T19:07:45.238+01:00  INFO 12312 --- [artisanal-backend] [han.mongodb.net] org.mongodb.driver.cluster               : Adding discovered server ac-5znshim-shard-00-02.pssnhan.mongodb.net:27017 to client view of cluster
2026-06-21T19:07:45.324+01:00  INFO 12312 --- [artisanal-backend] [           main] org.mongodb.driver.client                : MongoClient with metadata {"application": {"name": "Cluster0"}, "driver": {"name": "mongo-java-driver|spring-boot|sync", "version": "5.6.5"}, "os": {"type": "Windows", "name": "Windows 11", "architecture": "amd64", "version": "10.0"}, "platform": "Java/Eclipse Adoptium/17.0.19+10"} created with settings MongoClientSettings{readPreference=primary, writeConcern=WriteConcern{w=majority, wTimeout=null ms, journal=null}, retryWrites=true, retryReads=true, readConcern=ReadConcern{level=null}, credential=MongoCredential{mechanism=null, userName='souhaila_db', source='admin', password=<hidden>, mechanismProperties=<hidden>}, transportSettings=null, commandListeners=[], codecRegistry=ProvidersCodecRegistry{codecProviders=[ValueCodecProvider{}, BsonValueCodecProvider{}, DBRefCodecProvider{}, DBObjectCodecProvider{}, DocumentCodecProvider{}, CollectionCodecProvider{}, IterableCodecProvider{}, MapCodecProvider{}, GeoJsonCodecProvider{}, GridFSFileCodecProvider{}, Jsr310CodecProvider{}, JsonObjectCodecProvider{}, BsonCodecProvider{}, com.mongodb.client.model.mql.ExpressionCodecProvider@37ca3ca8, com.mongodb.Jep395RecordCodecProvider@191ec193, com.mongodb.KotlinCodecProvider@6321a5aa, EnumCodecProvider{}]}, loggerSettings=LoggerSettings{maxDocumentLength=1000}, clusterSettings={hosts=[127.0.0.1:27017], srvHost=cluster0.pssnhan.mongodb.net, srvServiceName=mongodb, mode=MULTIPLE, requiredClusterType=REPLICA_SET, requiredReplicaSetName='atlas-l1ews2-shard-0', serverSelector='null', clusterListeners='[]', serverSelectionTimeout='30000 ms', localThreshold='15 ms'}, socketSettings=SocketSettings{connectTimeoutMS=10000, readTimeoutMS=0, receiveBufferSize=0, proxySettings=ProxySettings{host=null, port=null, username=null, password=null}}, heartbeatSocketSettings=SocketSettings{connectTimeoutMS=10000, readTimeoutMS=10000, receiveBufferSize=0, proxySettings=ProxySettings{host=null, port=null, username=null, password=null}}, connectionPoolSettings=ConnectionPoolSettings{maxSize=100, minSize=0, maxWaitTimeMS=120000, maxConnectionLifeTimeMS=0, maxConnectionIdleTimeMS=0, maintenanceInitialDelayMS=0, maintenanceFrequencyMS=60000, connectionPoolListeners=[], maxConnecting=2}, serverSettings=ServerSettings{heartbeatFrequencyMS=10000, minHeartbeatFrequencyMS=500, serverMonitoringMode=AUTO, serverListeners='[]', serverMonitorListeners='[]'}, sslSettings=SslSettings{enabled=true, invalidHostNameAllowed=false, context=null}, applicationName='Cluster0', compressorList=[], uuidRepresentation=UNSPECIFIED, serverApi=null, autoEncryptionSettings=null, dnsClient=null, inetAddressResolver=null, contextProvider=null, timeoutMS=null}
2026-06-21T19:07:45.350+01:00  INFO 12312 --- [artisanal-backend] [han.mongodb.net] org.mongodb.driver.cluster               : Adding discovered server ac-5znshim-shard-00-01.pssnhan.mongodb.net:27017 to client view of cluster
2026-06-21T19:07:45.351+01:00  INFO 12312 --- [artisanal-backend] [han.mongodb.net] org.mongodb.driver.cluster               : Adding discovered server ac-5znshim-shard-00-00.pssnhan.mongodb.net:27017 to client view of cluster
2026-06-21T19:07:49.228+01:00  INFO 12312 --- [artisanal-backend] [ngodb.net:27017] org.mongodb.driver.cluster               : Monitor thread successfully connected to server with description ServerDescription{address=ac-5znshim-shard-00-02.pssnhan.mongodb.net:27017, type=REPLICA_SET_SECONDARY, cryptd=false, state=CONNECTED, ok=true, minWireVersion=0, maxWireVersion=25, maxDocumentSize=16777216, logicalSessionTimeoutMinutes=30, roundTripTimeNanos=707627400, minRoundTripTimeNanos=0, setName='atlas-l1ews2-shard-0', canonicalAddress=ac-5znshim-shard-00-02.pssnhan.mongodb.net:27017, hosts=[ac-5znshim-shard-00-02.pssnhan.mongodb.net:27017, ac-5znshim-shard-00-01.pssnhan.mongodb.net:27017, ac-5znshim-shard-00-00.pssnhan.mongodb.net:27017], passives=[], arbiters=[], primary='ac-5znshim-shard-00-01.pssnhan.mongodb.net:27017', tagSet=TagSet{[Tag{name='availabilityZone', value='euw3-az3'}, Tag{name='cacheState', value='READY'}, Tag{name='diskState', value='READY'}, Tag{name='nodeType', value='ELECTABLE'}, Tag{name='provider', value='AWS'}, Tag{name='region', value='EU_WEST_3'}, Tag{name='workloadType', value='OPERATIONAL'}]}, electionId=null, setVersion=44, topologyVersion=TopologyVersion{processId=6a32d842ebd7b3c6cb17db90, counter=3}, lastWriteDate=Sun Jun 21 19:07:46 WEST 2026, lastUpdateTimeNanos=11645241776600}
2026-06-21T19:07:49.228+01:00  INFO 12312 --- [artisanal-backend] [ngodb.net:27017] org.mongodb.driver.cluster               : Monitor thread successfully connected to server with description ServerDescription{address=ac-5znshim-shard-00-01.pssnhan.mongodb.net:27017, type=REPLICA_SET_PRIMARY, cryptd=false, state=CONNECTED, ok=true, minWireVersion=0, maxWireVersion=25, maxDocumentSize=16777216, logicalSessionTimeoutMinutes=30, roundTripTimeNanos=707320500, minRoundTripTimeNanos=0, setName='atlas-l1ews2-shard-0', canonicalAddress=ac-5znshim-shard-00-01.pssnhan.mongodb.net:27017, hosts=[ac-5znshim-shard-00-02.pssnhan.mongodb.net:27017, ac-5znshim-shard-00-01.pssnhan.mongodb.net:27017, ac-5znshim-shard-00-00.pssnhan.mongodb.net:27017], passives=[], arbiters=[], primary='ac-5znshim-shard-00-01.pssnhan.mongodb.net:27017', tagSet=TagSet{[Tag{name='availabilityZone', value='euw3-az2'}, Tag{name='cacheState', value='READY'}, Tag{name='diskState', value='READY'}, Tag{name='nodeType', value='ELECTABLE'}, Tag{name='provider', value='AWS'}, Tag{name='region', value='EU_WEST_3'}, Tag{name='workloadType', value='OPERATIONAL'}]}, electionId=7fffffff0000000000000073, setVersion=44, topologyVersion=TopologyVersion{processId=6a32d6c36005e771e7f9f4b6, counter=6}, lastWriteDate=Sun Jun 21 19:07:46 WEST 2026, lastUpdateTimeNanos=11645241641900}
2026-06-21T19:07:49.238+01:00  INFO 12312 --- [artisanal-backend] [ngodb.net:27017] org.mongodb.driver.cluster               : Discovered replica set primary ac-5znshim-shard-00-01.pssnhan.mongodb.net:27017 with max election id 7fffffff0000000000000073 and max set version 44
2026-06-21T19:07:49.397+01:00  INFO 12312 --- [artisanal-backend] [ngodb.net:27017] org.mongodb.driver.cluster               : Monitor thread successfully connected to server with description ServerDescription{address=ac-5znshim-shard-00-00.pssnhan.mongodb.net:27017, type=REPLICA_SET_SECONDARY, cryptd=false, state=CONNECTED, ok=true, minWireVersion=0, maxWireVersion=25, maxDocumentSize=16777216, logicalSessionTimeoutMinutes=30, roundTripTimeNanos=889205300, minRoundTripTimeNanos=0, setName='atlas-l1ews2-shard-0', canonicalAddress=ac-5znshim-shard-00-00.pssnhan.mongodb.net:27017, hosts=[ac-5znshim-shard-00-02.pssnhan.mongodb.net:27017, ac-5znshim-shard-00-01.pssnhan.mongodb.net:27017, ac-5znshim-shard-00-00.pssnhan.mongodb.net:27017], passives=[], arbiters=[], primary='ac-5znshim-shard-00-01.pssnhan.mongodb.net:27017', tagSet=TagSet{[Tag{name='availabilityZone', value='euw3-az1'}, Tag{name='cacheState', value='READY'}, Tag{name='diskState', value='READY'}, Tag{name='nodeType', value='ELECTABLE'}, Tag{name='provider', value='AWS'}, Tag{name='region', value='EU_WEST_3'}, Tag{name='workloadType', value='OPERATIONAL'}]}, electionId=null, setVersion=44, topologyVersion=TopologyVersion{processId=6a32d4bab85776249087612a, counter=4}, lastWriteDate=Sun Jun 21 19:07:46 WEST 2026, lastUpdateTimeNanos=11645423406300}
2026-06-21T19:07:49.656+01:00  INFO 12312 --- [artisanal-backend] [           main] r$InitializeUserDetailsManagerConfigurer : Global AuthenticationManager configured with UserDetailsService bean with name inMemoryUserDetailsManager
2026-06-21T19:07:52.606+01:00  INFO 12312 --- [artisanal-backend] [           main] c.e.a.ArtisanalBackendApplicationTests   : Started ArtisanalBackendApplicationTests in 14.03 seconds (process running for 20.389)
]]></system-out>
  </testcase>
</testsuite>